#
# There is insufficient memory for the Java Runtime Environment to continue.
# Native memory allocation (mmap) failed to map 266338304 bytes for G1 virtual space
# Possible reasons:
#   The system is out of physical RAM or swap space
#   The process is running with CompressedOops enabled, and the Java Heap may be blocking the growth of the native heap
# Possible solutions:
#   Reduce memory load on the system
#   Increase physical memory or swap space
#   Check if swap backing store is full
#   Decrease Java heap size (-Xmx/-Xms)
#   Decrease number of Java threads
#   Decrease Java thread stack sizes (-Xss)
#   Set larger code cache with -XX:ReservedCodeCacheSize=
#   JVM is running with Zero Based Compressed Oops mode in which the Java heap is
#     placed in the first 32GB address space. The Java Heap base address is the
#     maximum limit for the native heap growth. Please use -XX:HeapBaseMinAddress
#     to set the Java Heap base and to place the Java Heap above 32GB virtual address.
# This output file may be truncated or incomplete.
#
#  Out of Memory Error (./open/src/hotspot/os/windows/os_windows.cpp:3472), pid=24288, tid=23920
#
# JRE version:  (15.0.1+9) (build )
# Java VM: Java HotSpot(TM) 64-Bit Server VM (15.0.1+9-18, mixed mode, sharing, tiered, compressed oops, g1 gc, windows-amd64)
# No core dump will be written. Minidumps are not enabled by default on client versions of Windows
#

---------------  S U M M A R Y ------------

Command Line: -Dfile.encoding=UTF-8 goodlifemart.GoodLifeMartGUI

Host: Intel(R) Core(TM) i7-9750H CPU @ 2.60GHz, 12 cores, 15G,  Windows 10 , 64 bit Build 18362 (10.0.18362.1316)
Time: Mon Jan 18 16:37:38 2021 Nepal Standard Time elapsed time: 0.008764 seconds (0d 0h 0m 0s)

---------------  T H R E A D  ---------------

Current thread (0x00000167800306e0):  JavaThread "Unknown thread" [_thread_in_vm, id=23920, stack(0x0000004e53100000,0x0000004e53200000)]

Stack: [0x0000004e53100000,0x0000004e53200000]
Native frames: (J=compiled Java code, j=interpreted, Vv=VM code, C=native code)
V  [jvm.dll+0x62ae9a]
V  [jvm.dll+0x781389]
V  [jvm.dll+0x782ae3]
V  [jvm.dll+0x783143]
V  [jvm.dll+0x216265]
V  [jvm.dll+0x6281d9]
V  [jvm.dll+0x61cd15]
V  [jvm.dll+0x2d01fd]
V  [jvm.dll+0x2d0062]
V  [jvm.dll+0x2d603c]
V  [jvm.dll+0x325b2a]
V  [jvm.dll+0x3251f4]
V  [jvm.dll+0x2a717a]
V  [jvm.dll+0x2a8318]
V  [jvm.dll+0x75e101]
V  [jvm.dll+0x3343e4]
V  [jvm.dll+0x73e826]
V  [jvm.dll+0x3b7777]
V  [jvm.dll+0x3b9201]
C  [jli.dll+0x52fb]
C  [ucrtbase.dll+0x210b2]
C  [KERNEL32.DLL+0x17c24]
C  [ntdll.dll+0x6d4d1]


---------------  P R O C E S S  ---------------

Threads class SMR info:
_java_thread_list=0x00007ffa077e4ff0, length=0, elements={
}

Java Threads: ( => current thread )

Other Threads:
  0x00000167800825e0 GCTaskThread "GC Thread#0" [stack: 0x0000004e53200000,0x0000004e53300000] [id=23260]
  0x0000016780095560 ConcurrentGCThread "G1 Main Marker" [stack: 0x0000004e53300000,0x0000004e53400000] [id=21792]
  0x0000016780097800 ConcurrentGCThread "G1 Conc#0" [stack: 0x0000004e53400000,0x0000004e53500000] [id=8704]

[error occurred during error reporting (printing all threads), id 0xc0000005, EXCEPTION_ACCESS_VIOLATION (0xc0000005) at pc=0x00007ffa06fd8047]

VM state: not at safepoint (not fully initialized)

VM Mutex/Monitor currently owned by a thread:  ([mutex/lock_event])
[0x000001678002bca0] Heap_lock - owner thread: 0x00000167800306e0

Heap address: 0x0000000702600000, size: 4058 MB, Compressed Oops mode: Zero based, Oop shift amount: 3
CDS archive(s) mapped at: [0x0000000000000000-0x0000000000000000-0x0000000000000000), size 0, SharedBaseAddress: 0x0000000800000000, ArchiveRelocationMode: 0.
Narrow klass base: 0x0000000000000000, Narrow klass shift: 0, Narrow klass range: 0x0

Heap:
 garbage-first heap   total 260096K, used 0K [0x0000000702600000, 0x0000000800000000)
  region size 2048K, 0 young (0K), 0 survivors (0K)
 Metaspace       used 0K, capacity 0K, committed 0K, reserved 0K
  class space    used 0K, capacity 0K, committed 0K, reserved 0K

Heap Regions: E=young(eden), S=young(survivor), O=old, HS=humongous(starts), HC=humongous(continues), CS=collection set, F=free, OA=open archive, CA=closed archive, TAMS=top-at-mark-start (previous, next)

Card table byte_map: [0x0000016797e90000,0x0000016798680000] _byte_map_base: 0x000001679467d000

Marking Bits (Prev, Next): (CMBitMap*) 0x0000016780084d70, (CMBitMap*) 0x0000016780084db0
 Prev Bits: [0x0000016798e70000, 0x000001679cdd8000)
 Next Bits: [0x000001679cde0000, 0x00000167a0d48000)

GC Heap History (0 events):
No events

Deoptimization events (0 events):
No events

Classes unloaded (0 events):
No events

Classes redefined (0 events):
No events

Internal exceptions (0 events):
No events

Events (1 events):
Event: 0.005 Loaded shared library C:\Program Files\Java\jdk-15.0.1\bin\java.dll


Dynamic libraries:
0x00007ff792a20000 - 0x00007ff792a2f000 	C:\Program Files\Java\jdk-15.0.1\bin\java.exe
0x00007ffa5cdc0000 - 0x00007ffa5cfb0000 	C:\WINDOWS\SYSTEM32\ntdll.dll
0x00007ffa5aee0000 - 0x00007ffa5af92000 	C:\WINDOWS\System32\KERNEL32.DLL
0x00007ffa59d40000 - 0x00007ffa59fe5000 	C:\WINDOWS\System32\KERNELBASE.dll
0x00007ffa5a5a0000 - 0x00007ffa5a69a000 	C:\WINDOWS\System32\ucrtbase.dll
0x00007ffa44380000 - 0x00007ffa44398000 	C:\Program Files\Java\jdk-15.0.1\bin\jli.dll
0x00007ffa50de0000 - 0x00007ffa50df9000 	C:\Program Files\Java\jdk-15.0.1\bin\VCRUNTIME140.dll
0x00007ffa5c1c0000 - 0x00007ffa5c263000 	C:\WINDOWS\System32\ADVAPI32.dll
0x00007ffa5c2e0000 - 0x00007ffa5c37e000 	C:\WINDOWS\System32\msvcrt.dll
0x00007ffa5bc30000 - 0x00007ffa5bcc7000 	C:\WINDOWS\System32\sechost.dll
0x00007ffa5b210000 - 0x00007ffa5b32f000 	C:\WINDOWS\System32\RPCRT4.dll
0x00007ffa5c630000 - 0x00007ffa5c7c4000 	C:\WINDOWS\System32\USER32.dll
0x00007ffa5a420000 - 0x00007ffa5a441000 	C:\WINDOWS\System32\win32u.dll
0x00007ffa48380000 - 0x00007ffa48604000 	C:\WINDOWS\WinSxS\amd64_microsoft.windows.common-controls_6595b64144ccf1df_6.0.18362.1316_none_9e7a364fe461dbd7\COMCTL32.dll
0x00007ffa5cc70000 - 0x00007ffa5cc96000 	C:\WINDOWS\System32\GDI32.dll
0x00007ffa5c830000 - 0x00007ffa5cb67000 	C:\WINDOWS\System32\combase.dll
0x00007ffa5a1d0000 - 0x00007ffa5a368000 	C:\WINDOWS\System32\gdi32full.dll
0x00007ffa59ff0000 - 0x00007ffa5a08e000 	C:\WINDOWS\System32\msvcp_win.dll
0x00007ffa5a140000 - 0x00007ffa5a1c1000 	C:\WINDOWS\System32\bcryptPrimitives.dll
0x00007ffa52a10000 - 0x00007ffa52a1a000 	C:\WINDOWS\SYSTEM32\VERSION.dll
0x00007ffa5cb70000 - 0x00007ffa5cb9e000 	C:\WINDOWS\System32\IMM32.DLL
0x00007ffa50bd0000 - 0x00007ffa50bdc000 	C:\Program Files\Java\jdk-15.0.1\bin\vcruntime140_1.dll
0x00007ffa379d0000 - 0x00007ffa37a61000 	C:\Program Files\Java\jdk-15.0.1\bin\msvcp140.dll
0x00007ffa06d20000 - 0x00007ffa0787e000 	C:\Program Files\Java\jdk-15.0.1\bin\server\jvm.dll
0x00007ffa5cd70000 - 0x00007ffa5cd78000 	C:\WINDOWS\System32\PSAPI.DLL
0x00007ffa51440000 - 0x00007ffa51449000 	C:\WINDOWS\SYSTEM32\WSOCK32.dll
0x00007ffa43f90000 - 0x00007ffa43fb4000 	C:\WINDOWS\SYSTEM32\WINMM.dll
0x00007ffa5bcd0000 - 0x00007ffa5bd3f000 	C:\WINDOWS\System32\WS2_32.dll
0x00007ffa4bd20000 - 0x00007ffa4bd4d000 	C:\WINDOWS\SYSTEM32\WINMMBASE.dll
0x00007ffa5a090000 - 0x00007ffa5a0da000 	C:\WINDOWS\System32\cfgmgr32.dll
0x00007ffa59ca0000 - 0x00007ffa59cb1000 	C:\WINDOWS\System32\kernel.appcore.dll
0x00007ffa4f190000 - 0x00007ffa4f19a000 	C:\Program Files\Java\jdk-15.0.1\bin\jimage.dll
0x00007ffa58640000 - 0x00007ffa58834000 	C:\WINDOWS\SYSTEM32\DBGHELP.DLL
0x00007ffa51f50000 - 0x00007ffa51f7a000 	C:\WINDOWS\SYSTEM32\dbgcore.DLL
0x00007ffa4e100000 - 0x00007ffa4e125000 	C:\Program Files\Java\jdk-15.0.1\bin\java.dll

dbghelp: loaded successfully - version: 4.0.5 - missing functions: none
symbol engine: initialized successfully - sym options: 0x614 - pdb path: .;C:\Program Files\Java\jdk-15.0.1\bin;C:\WINDOWS\SYSTEM32;C:\WINDOWS\WinSxS\amd64_microsoft.windows.common-controls_6595b64144ccf1df_6.0.18362.1316_none_9e7a364fe461dbd7;C:\Program Files\Java\jdk-15.0.1\bin\server

VM Arguments:
jvm_args: -Dfile.encoding=UTF-8 
java_command: goodlifemart.GoodLifeMartGUI
java_class_path (initial): C:\GoodLifeMart\build\classes
Launcher Type: SUN_STANDARD

[Global flags]
     intx CICompilerCount                          = 4                                         {product} {ergonomic}
     uint ConcGCThreads                            = 3                                         {product} {ergonomic}
     uint G1ConcRefinementThreads                  = 10                                        {product} {ergonomic}
   size_t G1HeapRegionSize                         = 2097152                                   {product} {ergonomic}
    uintx GCDrainStackTargetSize                   = 64                                        {product} {ergonomic}
   size_t InitialHeapSize                          = 266338304                                 {product} {ergonomic}
   size_t MarkStackSize                            = 4194304                                   {product} {ergonomic}
   size_t MaxHeapSize                              = 4255121408                                {product} {ergonomic}
   size_t MinHeapDeltaBytes                        = 2097152                                   {product} {ergonomic}
   size_t MinHeapSize                              = 8388608                                   {product} {ergonomic}
    uintx NonNMethodCodeHeapSize                   = 5839372                                {pd product} {ergonomic}
    uintx NonProfiledCodeHeapSize                  = 122909434                              {pd product} {ergonomic}
    uintx ProfiledCodeHeapSize                     = 122909434                              {pd product} {ergonomic}
    uintx ReservedCodeCacheSize                    = 251658240                              {pd product} {ergonomic}
     bool SegmentedCodeCache                       = true                                      {product} {ergonomic}
   size_t SoftMaxHeapSize                          = 4255121408                             {manageable} {ergonomic}
     bool UseCompressedClassPointers               = true                                 {lp64_product} {ergonomic}
     bool UseCompressedOops                        = true                                 {lp64_product} {ergonomic}
     bool UseG1GC                                  = true                                      {product} {ergonomic}
     bool UseLargePagesIndividualAllocation        = false                                  {pd product} {ergonomic}

Logging:
Log output configuration:
 #0: stdout all=warning uptime,level,tags
 #1: stderr all=off uptime,level,tags

Environment Variables:
PATH=C:\Program Files\Common Files\Oracle\Java\javapath;C:\Windows\system32;C:\Windows;C:\Windows\System32\Wbem;C:\Windows\System32\WindowsPowerShell\v1.0\;C:\Windows\System32\OpenSSH\;C:\Program Files\NVIDIA Corporation\NVIDIA NGX;C:\Program Files (x86)\NVIDIA Corporation\PhysX\Common;C:\Program Files\NVIDIA Corporation\NVIDIA NvDLISR;C:\WINDOWS\system32;C:\WINDOWS;C:\WINDOWS\System32\Wbem;C:\WINDOWS\System32\WindowsPowerShell\v1.0\;C:\WINDOWS\System32\OpenSSH\;C:\Users\rehan\AppData\Local\Microsoft\WindowsApps;
USERNAME=rehan
OS=Windows_NT
PROCESSOR_IDENTIFIER=Intel64 Family 6 Model 158 Stepping 10, GenuineIntel



---------------  S Y S T E M  ---------------

OS:
 Windows 10 , 64 bit Build 18362 (10.0.18362.1316)
OS uptime: 3 days 4:07 hours

CPU: total 12 (initial active 12) (6 cores per cpu, 2 threads per core) family 6 model 158 stepping 10 microcode 0xb4, cmov, cx8, fxsr, mmx, sse, sse2, sse3, ssse3, sse4.1, sse4.2, popcnt, vzeroupper, avx, avx2, aes, clmul, erms, 3dnowpref, lzcnt, ht, tsc, tscinvbit, bmi1, bmi2, adx, fma, clflush, clflushopt

Memory: 4k page, system-wide physical 16231M (4844M free)
TotalPageFile size 41072M (AvailPageFile size 179M)
current process WorkingSet (physical memory assigned to process): 10M, peak: 10M
current process commit charge ("private bytes"): 64M, peak: 318M

vm_info: Java HotSpot(TM) 64-Bit Server VM (15.0.1+9-18) for windows-amd64 JRE (15.0.1+9-18), built on Sep 15 2020 14:43:54 by "mach5one" with unknown MS VC++:1925

END.
